# JRE version: OpenJDK Runtime Environment Temurin-17.0.13+11 (17.0.13+11) (build 17.0.13+11)
# Java VM: OpenJDK 64-Bit Server VM Temurin-17.0.13+11 (17.0.13+11, mixed mode, tiered, compressed oops, compressed class ptrs, parallel gc, windows-amd64)
GC Precious Log:
 CPUs: 4 total, 4 available
 Memory: 3930M
 Large Page Support: Disabled
 NUMA Support: Disabled
 Compressed Oops: Enabled (32-bit)
 Alignments: Space 512K, Generation 512K, Heap 2M
 Heap Min Capacity: 100M
 Heap Initial Capacity: 100M
 Heap Max Capacity: 1G
 Pre-touch: Disabled
 Parallel Workers: 4
Heap:
 PSYoungGen      total 51200K, used 50476K [0x00000000eab00000, 0x00000000f0c80000, 0x0000000100000000)
  eden space 43520K, 99% used [0x00000000eab00000,0x00000000ed526970,0x00000000ed580000)
  from space 7680K, 95% used [0x00000000ed600000,0x00000000edd246c8,0x00000000edd80000)
  to   space 23040K, 0% used [0x00000000ef600000,0x00000000ef600000,0x00000000f0c80000)
 ParOldGen       total 293376K, used 190230K [0x00000000c0000000, 0x00000000d1e80000, 0x00000000eab00000)
  object space 293376K, 64% used [0x00000000c0000000,0x00000000cb9c5930,0x00000000d1e80000)
 Metaspace       used 73676K, committed 74880K, reserved 1179648K
  class space    used 7769K, committed 8256K, reserved 1048576K
GC Heap History (20 events):
Event: 99.314 GC heap before
{Heap before GC invocations=206 (full 9):
 PSYoungGen      total 35840K, used 33108K [0x00000000eab00000, 0x00000000ee400000, 0x0000000100000000)
  eden space 25600K, 100% used [0x00000000eab00000,0x00000000ec400000,0x00000000ec400000)
  from space 10240K, 73% used [0x00000000ec400000,0x00000000ecb55370,0x00000000ece00000)
  to   space 15360K, 0% used [0x00000000ed500000,0x00000000ed500000,0x00000000ee400000)
 ParOldGen       total 301056K, used 232590K [0x00000000c0000000, 0x00000000d2600000, 0x00000000eab00000)
  object space 301056K, 77% used [0x00000000c0000000,0x00000000ce3238a8,0x00000000d2600000)
 Metaspace       used 72174K, committed 73344K, reserved 1114112K
  class space    used 7706K, committed 8192K, reserved 1048576K
}
Event: 99.366 GC heap after
{Heap after GC invocations=206 (full 9):
 PSYoungGen      total 36352K, used 8645K [0x00000000eab00000, 0x00000000edd80000, 0x0000000100000000)
  eden space 27648K, 0% used [0x00000000eab00000,0x00000000eab00000,0x00000000ec600000)
  from space 8704K, 99% used [0x00000000ed500000,0x00000000edd71580,0x00000000edd80000)
  to   space 10752K, 0% used [0x00000000ec880000,0x00000000ec880000,0x00000000ed300000)
 ParOldGen       total 301056K, used 237311K [0x00000000c0000000, 0x00000000d2600000, 0x00000000eab00000)
  object space 301056K, 78% used [0x00000000c0000000,0x00000000ce7bfc20,0x00000000d2600000)
 Metaspace       used 72174K, committed 73344K, reserved 1114112K
  class space    used 7706K, committed 8192K, reserved 1048576K
}
Event: 99.548 GC heap before
{Heap before GC invocations=207 (full 9):
 PSYoungGen      total 36352K, used 36293K [0x00000000eab00000, 0x00000000edd80000, 0x0000000100000000)
  eden space 27648K, 100% used [0x00000000eab00000,0x00000000ec600000,0x00000000ec600000)
  from space 8704K, 99% used [0x00000000ed500000,0x00000000edd71580,0x00000000edd80000)
  to   space 10752K, 0% used [0x00000000ec880000,0x00000000ec880000,0x00000000ed300000)
 ParOldGen       total 301056K, used 237311K [0x00000000c0000000, 0x00000000d2600000, 0x00000000eab00000)
  object space 301056K, 78% used [0x00000000c0000000,0x00000000ce7bfc20,0x00000000d2600000)
 Metaspace       used 72174K, committed 73344K, reserved 1114112K
  class space    used 7706K, committed 8192K, reserved 1048576K
}
Event: 99.559 GC heap after
{Heap after GC invocations=207 (full 9):
 PSYoungGen      total 40448K, used 10730K [0x00000000eab00000, 0x00000000ee700000, 0x0000000100000000)
  eden space 29696K, 0% used [0x00000000eab00000,0x00000000eab00000,0x00000000ec800000)
  from space 10752K, 99% used [0x00000000ec880000,0x00000000ed2fab30,0x00000000ed300000)
  to   space 15872K, 0% used [0x00000000ed780000,0x00000000ed780000,0x00000000ee700000)
 ParOldGen       total 301056K, used 241146K [0x00000000c0000000, 0x00000000d2600000, 0x00000000eab00000)
  object space 301056K, 80% used [0x00000000c0000000,0x00000000ceb7e9b0,0x00000000d2600000)
 Metaspace       used 72174K, committed 73344K, reserved 1114112K
  class space    used 7706K, committed 8192K, reserved 1048576K
}
Event: 99.763 GC heap before
{Heap before GC invocations=208 (full 9):
 PSYoungGen      total 40448K, used 40426K [0x00000000eab00000, 0x00000000ee700000, 0x0000000100000000)
  eden space 29696K, 100% used [0x00000000eab00000,0x00000000ec800000,0x00000000ec800000)
  from space 10752K, 99% used [0x00000000ec880000,0x00000000ed2fab30,0x00000000ed300000)
  to   space 15872K, 0% used [0x00000000ed780000,0x00000000ed780000,0x00000000ee700000)
 ParOldGen       total 301056K, used 241146K [0x00000000c0000000, 0x00000000d2600000, 0x00000000eab00000)
  object space 301056K, 80% used [0x00000000c0000000,0x00000000ceb7e9b0,0x00000000d2600000)
 Metaspace       used 72174K, committed 73344K, reserved 1114112K
  class space    used 7706K, committed 8192K, reserved 1048576K
}
Event: 99.781 GC heap after
{Heap after GC invocations=208 (full 9):
 PSYoungGen      total 43520K, used 11591K [0x00000000eab00000, 0x00000000ee300000, 0x0000000100000000)
  eden space 31744K, 0% used [0x00000000eab00000,0x00000000eab00000,0x00000000eca00000)
  from space 11776K, 98% used [0x00000000ed780000,0x00000000ee2d1e48,0x00000000ee300000)
  to   space 12800K, 0% used [0x00000000eca00000,0x00000000eca00000,0x00000000ed680000)
 ParOldGen       total 301056K, used 247067K [0x00000000c0000000, 0x00000000d2600000, 0x00000000eab00000)
  object space 301056K, 82% used [0x00000000c0000000,0x00000000cf146d88,0x00000000d2600000)
 Metaspace       used 72174K, committed 73344K, reserved 1114112K
  class space    used 7706K, committed 8192K, reserved 1048576K
}
Event: 99.957 GC heap before
{Heap before GC invocations=209 (full 9):
 PSYoungGen      total 43520K, used 43335K [0x00000000eab00000, 0x00000000ee300000, 0x0000000100000000)
  eden space 31744K, 100% used [0x00000000eab00000,0x00000000eca00000,0x00000000eca00000)
  from space 11776K, 98% used [0x00000000ed780000,0x00000000ee2d1e48,0x00000000ee300000)
  to   space 12800K, 0% used [0x00000000eca00000,0x00000000eca00000,0x00000000ed680000)
 ParOldGen       total 301056K, used 247067K [0x00000000c0000000, 0x00000000d2600000, 0x00000000eab00000)
  object space 301056K, 82% used [0x00000000c0000000,0x00000000cf146d88,0x00000000d2600000)
 Metaspace       used 72175K, committed 73344K, reserved 1114112K
  class space    used 7706K, committed 8192K, reserved 1048576K
}
Event: 99.972 GC heap after
{Heap after GC invocations=209 (full 9):
 PSYoungGen      total 44544K, used 12789K [0x00000000eab00000, 0x00000000ef480000, 0x0000000100000000)
  eden space 31744K, 0% used [0x00000000eab00000,0x00000000eab00000,0x00000000eca00000)
  from space 12800K, 99% used [0x00000000eca00000,0x00000000ed67d728,0x00000000ed680000)
  to   space 20480K, 0% used [0x00000000ee080000,0x00000000ee080000,0x00000000ef480000)
 ParOldGen       total 301056K, used 253289K [0x00000000c0000000, 0x00000000d2600000, 0x00000000eab00000)
  object space 301056K, 84% used [0x00000000c0000000,0x00000000cf75a4f8,0x00000000d2600000)
 Metaspace       used 72175K, committed 73344K, reserved 1114112K
  class space    used 7706K, committed 8192K, reserved 1048576K
}
Event: 100.075 GC heap before
{Heap before GC invocations=210 (full 9):
 PSYoungGen      total 44544K, used 44533K [0x00000000eab00000, 0x00000000ef480000, 0x0000000100000000)
  eden space 31744K, 100% used [0x00000000eab00000,0x00000000eca00000,0x00000000eca00000)
  from space 12800K, 99% used [0x00000000eca00000,0x00000000ed67d728,0x00000000ed680000)
  to   space 20480K, 0% used [0x00000000ee080000,0x00000000ee080000,0x00000000ef480000)
 ParOldGen       total 301056K, used 253289K [0x00000000c0000000, 0x00000000d2600000, 0x00000000eab00000)
  object space 301056K, 84% used [0x00000000c0000000,0x00000000cf75a4f8,0x00000000d2600000)
 Metaspace       used 72175K, committed 73344K, reserved 1114112K
  class space    used 7706K, committed 8192K, reserved 1048576K
}
Event: 100.094 GC heap after
{Heap after GC invocations=210 (full 9):
 PSYoungGen      total 50688K, used 15508K [0x00000000eab00000, 0x00000000ef000000, 0x0000000100000000)
  eden space 34816K, 0% used [0x00000000eab00000,0x00000000eab00000,0x00000000ecd00000)
  from space 15872K, 97% used [0x00000000ee080000,0x00000000eefa53f0,0x00000000ef000000)
  to   space 16896K, 0% used [0x00000000ecf00000,0x00000000ecf00000,0x00000000edf80000)
 ParOldGen       total 301056K, used 261016K [0x00000000c0000000, 0x00000000d2600000, 0x00000000eab00000)
  object space 301056K, 86% used [0x00000000c0000000,0x00000000cfee60e8,0x00000000d2600000)
 Metaspace       used 72175K, committed 73344K, reserved 1114112K
  class space    used 7706K, committed 8192K, reserved 1048576K
}
Event: 100.285 GC heap before
{Heap before GC invocations=211 (full 9):
 PSYoungGen      total 50688K, used 50324K [0x00000000eab00000, 0x00000000ef000000, 0x0000000100000000)
  eden space 34816K, 100% used [0x00000000eab00000,0x00000000ecd00000,0x00000000ecd00000)
  from space 15872K, 97% used [0x00000000ee080000,0x00000000eefa53f0,0x00000000ef000000)
  to   space 16896K, 0% used [0x00000000ecf00000,0x00000000ecf00000,0x00000000edf80000)
 ParOldGen       total 301056K, used 261016K [0x00000000c0000000, 0x00000000d2600000, 0x00000000eab00000)
  object space 301056K, 86% used [0x00000000c0000000,0x00000000cfee60e8,0x00000000d2600000)
 Metaspace       used 72175K, committed 73344K, reserved 1114112K
  class space    used 7706K, committed 8192K, reserved 1048576K
}
Event: 100.387 GC heap after
{Heap after GC invocations=211 (full 9):
 PSYoungGen      total 53760K, used 16875K [0x00000000eab00000, 0x00000000f0d00000, 0x0000000100000000)
  eden space 36864K, 0% used [0x00000000eab00000,0x00000000eab00000,0x00000000ecf00000)
  from space 16896K, 99% used [0x00000000ecf00000,0x00000000edf7aef8,0x00000000edf80000)
  to   space 30720K, 0% used [0x00000000eef00000,0x00000000eef00000,0x00000000f0d00000)
 ParOldGen       total 301056K, used 272352K [0x00000000c0000000, 0x00000000d2600000, 0x00000000eab00000)
  object space 301056K, 90% used [0x00000000c0000000,0x00000000d09f82f0,0x00000000d2600000)
 Metaspace       used 72175K, committed 73344K, reserved 1114112K
  class space    used 7706K, committed 8192K, reserved 1048576K
}
Event: 101.292 GC heap before
{Heap before GC invocations=212 (full 9):
 PSYoungGen      total 53760K, used 53739K [0x00000000eab00000, 0x00000000f0d00000, 0x0000000100000000)
  eden space 36864K, 100% used [0x00000000eab00000,0x00000000ecf00000,0x00000000ecf00000)
  from space 16896K, 99% used [0x00000000ecf00000,0x00000000edf7aef8,0x00000000edf80000)
  to   space 30720K, 0% used [0x00000000eef00000,0x00000000eef00000,0x00000000f0d00000)
 ParOldGen       total 301056K, used 272352K [0x00000000c0000000, 0x00000000d2600000, 0x00000000eab00000)
  object space 301056K, 90% used [0x00000000c0000000,0x00000000d09f82f0,0x00000000d2600000)
 Metaspace       used 72191K, committed 73408K, reserved 1114112K
  class space    used 7707K, committed 8192K, reserved 1048576K
}
Event: 101.318 GC heap after
{Heap after GC invocations=212 (full 9):
 PSYoungGen      total 63488K, used 22904K [0x00000000eab00000, 0x00000000f0580000, 0x0000000100000000)
  eden space 40448K, 0% used [0x00000000eab00000,0x00000000eab00000,0x00000000ed280000)
  from space 23040K, 99% used [0x00000000eef00000,0x00000000f055e0b0,0x00000000f0580000)
  to   space 25088K, 0% used [0x00000000ed480000,0x00000000ed480000,0x00000000eed00000)
 ParOldGen       total 301056K, used 281492K [0x00000000c0000000, 0x00000000d2600000, 0x00000000eab00000)
  object space 301056K, 93% used [0x00000000c0000000,0x00000000d12e5330,0x00000000d2600000)
 Metaspace       used 72191K, committed 73408K, reserved 1114112K
  class space    used 7707K, committed 8192K, reserved 1048576K
}
Event: 102.486 GC heap before
{Heap before GC invocations=213 (full 9):
 PSYoungGen      total 63488K, used 63352K [0x00000000eab00000, 0x00000000f0580000, 0x0000000100000000)
  eden space 40448K, 100% used [0x00000000eab00000,0x00000000ed280000,0x00000000ed280000)
  from space 23040K, 99% used [0x00000000eef00000,0x00000000f055e0b0,0x00000000f0580000)
  to   space 25088K, 0% used [0x00000000ed480000,0x00000000ed480000,0x00000000eed00000)
 ParOldGen       total 301056K, used 281492K [0x00000000c0000000, 0x00000000d2600000, 0x00000000eab00000)
  object space 301056K, 93% used [0x00000000c0000000,0x00000000d12e5330,0x00000000d2600000)
 Metaspace       used 72191K, committed 73408K, reserved 1114112K
  class space    used 7707K, committed 8192K, reserved 1048576K
}
Event: 102.548 GC heap after
{Heap after GC invocations=213 (full 9):
 PSYoungGen      total 67584K, used 25064K [0x00000000eab00000, 0x00000000f4200000, 0x0000000100000000)
  eden space 42496K, 0% used [0x00000000eab00000,0x00000000eab00000,0x00000000ed480000)
  from space 25088K, 99% used [0x00000000ed480000,0x00000000eecfa120,0x00000000eed00000)
  to   space 55296K, 0% used [0x00000000f0c00000,0x00000000f0c00000,0x00000000f4200000)
 ParOldGen       total 306688K, used 306638K [0x00000000c0000000, 0x00000000d2b80000, 0x00000000eab00000)
  object space 306688K, 99% used [0x00000000c0000000,0x00000000d2b73a60,0x00000000d2b80000)
 Metaspace       used 72191K, committed 73408K, reserved 1114112K
  class space    used 7707K, committed 8192K, reserved 1048576K
}
Event: 104.566 GC heap before
{Heap before GC invocations=214 (full 10):
 PSYoungGen      total 67584K, used 67560K [0x00000000eab00000, 0x00000000f4200000, 0x0000000100000000)
  eden space 42496K, 100% used [0x00000000eab00000,0x00000000ed480000,0x00000000ed480000)
  from space 25088K, 99% used [0x00000000ed480000,0x00000000eecfa120,0x00000000eed00000)
  to   space 55296K, 0% used [0x00000000f0c00000,0x00000000f0c00000,0x00000000f4200000)
 ParOldGen       total 306688K, used 306638K [0x00000000c0000000, 0x00000000d2b80000, 0x00000000eab00000)
  object space 306688K, 99% used [0x00000000c0000000,0x00000000d2b73a60,0x00000000d2b80000)
 Metaspace       used 72276K, committed 73472K, reserved 1114112K
  class space    used 7712K, committed 8192K, reserved 1048576K
}
Event: 104.782 GC heap after
{Heap after GC invocations=214 (full 10):
 PSYoungGen      total 99328K, used 0K [0x00000000eab00000, 0x00000000f4500000, 0x0000000100000000)
  eden space 44032K, 0% used [0x00000000eab00000,0x00000000eab00000,0x00000000ed600000)
  from space 55296K, 0% used [0x00000000f0c00000,0x00000000f0c00000,0x00000000f4200000)
  to   space 55296K, 0% used [0x00000000ed600000,0x00000000ed600000,0x00000000f0c00000)
 ParOldGen       total 293376K, used 190222K [0x00000000c0000000, 0x00000000d1e80000, 0x00000000eab00000)
  object space 293376K, 64% used [0x00000000c0000000,0x00000000cb9c3930,0x00000000d1e80000)
 Metaspace       used 72276K, committed 73472K, reserved 1114112K
  class space    used 7712K, committed 8192K, reserved 1048576K
}
Event: 121.887 GC heap before
{Heap before GC invocations=215 (full 10):
 PSYoungGen      total 99328K, used 44032K [0x00000000eab00000, 0x00000000f4500000, 0x0000000100000000)
  eden space 44032K, 100% used [0x00000000eab00000,0x00000000ed600000,0x00000000ed600000)
  from space 55296K, 0% used [0x00000000f0c00000,0x00000000f0c00000,0x00000000f4200000)
  to   space 55296K, 0% used [0x00000000ed600000,0x00000000ed600000,0x00000000f0c00000)
 ParOldGen       total 293376K, used 190222K [0x00000000c0000000, 0x00000000d1e80000, 0x00000000eab00000)
  object space 293376K, 64% used [0x00000000c0000000,0x00000000cb9c3930,0x00000000d1e80000)
 Metaspace       used 73108K, committed 74240K, reserved 1179648K
  class space    used 7765K, committed 8256K, reserved 1048576K
}
Event: 122.060 GC heap after
{Heap after GC invocations=215 (full 10):
 PSYoungGen      total 51200K, used 7313K [0x00000000eab00000, 0x00000000f0c80000, 0x0000000100000000)
  eden space 43520K, 0% used [0x00000000eab00000,0x00000000eab00000,0x00000000ed580000)
  from space 7680K, 95% used [0x00000000ed600000,0x00000000edd246c8,0x00000000edd80000)
  to   space 23040K, 0% used [0x00000000ef600000,0x00000000ef600000,0x00000000f0c80000)
 ParOldGen       total 293376K, used 190230K [0x00000000c0000000, 0x00000000d1e80000, 0x00000000eab00000)
  object space 293376K, 64% used [0x00000000c0000000,0x00000000cb9c5930,0x00000000d1e80000)
 Metaspace       used 73108K, committed 74240K, reserved 1179648K
  class space    used 7765K, committed 8256K, reserved 1048576K
}

